<?xml version="1.0" encoding="UTF-8"?>
<testsuite xmlns:xsi="http://www.w3.org/2001/XMLSchema-instance" xsi:noNamespaceSchemaLocation="https://maven.apache.org/surefire/maven-surefire-plugin/xsd/surefire-test-report-3.0.xsd" version="3.0" name="com.example.AppTest" time="0.053" tests="1" errors="0" skipped="0" failures="0">
  <properties>
    <property name="java.specification.version" value="17"/>
    <property name="sun.cpu.isalist" value="amd64"/>
    <property name="sun.jnu.encoding" value="Cp1252"/>
    <property name="java.class.path" value="d:\Projects\Training\Monolithic\GithubAction\javaapp\target\test-classes;d:\Projects\Training\Monolithic\GithubAction\javaapp\target\classes;D:\maven-local-repository\junit\junit\3.8.1\junit-3.8.1.jar;D:\maven-local-repository\org\springframework\boot\spring-boot-starter\2.5.1\spring-boot-starter-2.5.1.jar;D:\maven-local-repository\org\springframework\boot\spring-boot\2.5.1\spring-boot-2.5.1.jar;D:\maven-local-repository\org\springframework\spring-context\5.3.8\spring-context-5.3.8.jar;D:\maven-local-repository\org\springframework\boot\spring-boot-autoconfigure\2.5.1\spring-boot-autoconfigure-2.5.1.jar;D:\maven-local-repository\org\springframework\boot\spring-boot-starter-logging\2.5.1\spring-boot-starter-logging-2.5.1.jar;D:\maven-local-repository\ch\qos\logback\logback-classic\1.2.3\logback-classic-1.2.3.jar;D:\maven-local-repository\ch\qos\logback\logback-core\1.2.3\logback-core-1.2.3.jar;D:\maven-local-repository\org\slf4j\slf4j-api\1.7.25\slf4j-api-1.7.25.jar;D:\maven-local-repository\org\apache\logging\log4j\log4j-to-slf4j\2.14.1\log4j-to-slf4j-2.14.1.jar;D:\maven-local-repository\org\apache\logging\log4j\log4j-api\2.14.1\log4j-api-2.14.1.jar;D:\maven-local-repository\org\slf4j\jul-to-slf4j\1.7.30\jul-to-slf4j-1.7.30.jar;D:\maven-local-repository\jakarta\annotation\jakarta.annotation-api\1.3.5\jakarta.annotation-api-1.3.5.jar;D:\maven-local-repository\org\springframework\spring-core\5.3.8\spring-core-5.3.8.jar;D:\maven-local-repository\org\springframework\spring-jcl\5.3.8\spring-jcl-5.3.8.jar;D:\maven-local-repository\org\yaml\snakeyaml\1.28\snakeyaml-1.28.jar;D:\maven-local-repository\org\springframework\boot\spring-boot-starter-web\2.5.1\spring-boot-starter-web-2.5.1.jar;D:\maven-local-repository\org\springframework\boot\spring-boot-starter-json\2.5.1\spring-boot-starter-json-2.5.1.jar;D:\maven-local-repository\com\fasterxml\jackson\core\jackson-databind\2.12.3\jackson-databind-2.12.3.jar;D:\maven-local-repository\com\fasterxml\jackson\core\jackson-annotations\2.12.3\jackson-annotations-2.12.3.jar;D:\maven-local-repository\com\fasterxml\jackson\core\jackson-core\2.12.3\jackson-core-2.12.3.jar;D:\maven-local-repository\com\fasterxml\jackson\datatype\jackson-datatype-jdk8\2.12.3\jackson-datatype-jdk8-2.12.3.jar;D:\maven-local-repository\com\fasterxml\jackson\datatype\jackson-datatype-jsr310\2.12.3\jackson-datatype-jsr310-2.12.3.jar;D:\maven-local-repository\com\fasterxml\jackson\module\jackson-module-parameter-names\2.12.3\jackson-module-parameter-names-2.12.3.jar;D:\maven-local-repository\org\springframework\boot\spring-boot-starter-tomcat\2.5.1\spring-boot-starter-tomcat-2.5.1.jar;D:\maven-local-repository\org\apache\tomcat\embed\tomcat-embed-core\9.0.46\tomcat-embed-core-9.0.46.jar;D:\maven-local-repository\org\apache\tomcat\embed\tomcat-embed-el\9.0.46\tomcat-embed-el-9.0.46.jar;D:\maven-local-repository\org\apache\tomcat\embed\tomcat-embed-websocket\9.0.46\tomcat-embed-websocket-9.0.46.jar;D:\maven-local-repository\org\springframework\spring-web\5.3.8\spring-web-5.3.8.jar;D:\maven-local-repository\org\springframework\spring-beans\5.3.8\spring-beans-5.3.8.jar;D:\maven-local-repository\org\springframework\spring-webmvc\5.3.8\spring-webmvc-5.3.8.jar;D:\maven-local-repository\org\springframework\spring-aop\5.3.8\spring-aop-5.3.8.jar;D:\maven-local-repository\org\springframework\spring-expression\5.3.8\spring-expression-5.3.8.jar;"/>
    <property name="java.vm.vendor" value="Oracle Corporation"/>
    <property name="sun.arch.data.model" value="64"/>
    <property name="user.variant" value=""/>
    <property name="java.vendor.url" value="https://java.oracle.com/"/>
    <property name="user.timezone" value="Europe/Madrid"/>
    <property name="os.name" value="Windows 11"/>
    <property name="java.vm.specification.version" value="17"/>
    <property name="sun.java.launcher" value="SUN_STANDARD"/>
    <property name="user.country" value="US"/>
    <property name="sun.boot.library.path" value="D:\Java\jdk-17.0.10\bin"/>
    <property name="sun.java.command" value="C:\Users\lenov\AppData\Local\Temp\surefire11156978824869849060\surefirebooter-20240610184555441_3.jar C:\Users\lenov\AppData\Local\Temp\surefire11156978824869849060 2024-06-10T18-45-55_067-jvmRun1 surefire-20240610184555441_1tmp surefire_0-20240610184555441_2tmp"/>
    <property name="jdk.debug" value="release"/>
    <property name="surefire.test.class.path" value="d:\Projects\Training\Monolithic\GithubAction\javaapp\target\test-classes;d:\Projects\Training\Monolithic\GithubAction\javaapp\target\classes;D:\maven-local-repository\junit\junit\3.8.1\junit-3.8.1.jar;D:\maven-local-repository\org\springframework\boot\spring-boot-starter\2.5.1\spring-boot-starter-2.5.1.jar;D:\maven-local-repository\org\springframework\boot\spring-boot\2.5.1\spring-boot-2.5.1.jar;D:\maven-local-repository\org\springframework\spring-context\5.3.8\spring-context-5.3.8.jar;D:\maven-local-repository\org\springframework\boot\spring-boot-autoconfigure\2.5.1\spring-boot-autoconfigure-2.5.1.jar;D:\maven-local-repository\org\springframework\boot\spring-boot-starter-logging\2.5.1\spring-boot-starter-logging-2.5.1.jar;D:\maven-local-repository\ch\qos\logback\logback-classic\1.2.3\logback-classic-1.2.3.jar;D:\maven-local-repository\ch\qos\logback\logback-core\1.2.3\logback-core-1.2.3.jar;D:\maven-local-repository\org\slf4j\slf4j-api\1.7.25\slf4j-api-1.7.25.jar;D:\maven-local-repository\org\apache\logging\log4j\log4j-to-slf4j\2.14.1\log4j-to-slf4j-2.14.1.jar;D:\maven-local-repository\org\apache\logging\log4j\log4j-api\2.14.1\log4j-api-2.14.1.jar;D:\maven-local-repository\org\slf4j\jul-to-slf4j\1.7.30\jul-to-slf4j-1.7.30.jar;D:\maven-local-repository\jakarta\annotation\jakarta.annotation-api\1.3.5\jakarta.annotation-api-1.3.5.jar;D:\maven-local-repository\org\springframework\spring-core\5.3.8\spring-core-5.3.8.jar;D:\maven-local-repository\org\springframework\spring-jcl\5.3.8\spring-jcl-5.3.8.jar;D:\maven-local-repository\org\yaml\snakeyaml\1.28\snakeyaml-1.28.jar;D:\maven-local-repository\org\springframework\boot\spring-boot-starter-web\2.5.1\spring-boot-starter-web-2.5.1.jar;D:\maven-local-repository\org\springframework\boot\spring-boot-starter-json\2.5.1\spring-boot-starter-json-2.5.1.jar;D:\maven-local-repository\com\fasterxml\jackson\core\jackson-databind\2.12.3\jackson-databind-2.12.3.jar;D:\maven-local-repository\com\fasterxml\jackson\core\jackson-annotations\2.12.3\jackson-annotations-2.12.3.jar;D:\maven-local-repository\com\fasterxml\jackson\core\jackson-core\2.12.3\jackson-core-2.12.3.jar;D:\maven-local-repository\com\fasterxml\jackson\datatype\jackson-datatype-jdk8\2.12.3\jackson-datatype-jdk8-2.12.3.jar;D:\maven-local-repository\com\fasterxml\jackson\datatype\jackson-datatype-jsr310\2.12.3\jackson-datatype-jsr310-2.12.3.jar;D:\maven-local-repository\com\fasterxml\jackson\module\jackson-module-parameter-names\2.12.3\jackson-module-parameter-names-2.12.3.jar;D:\maven-local-repository\org\springframework\boot\spring-boot-starter-tomcat\2.5.1\spring-boot-starter-tomcat-2.5.1.jar;D:\maven-local-repository\org\apache\tomcat\embed\tomcat-embed-core\9.0.46\tomcat-embed-core-9.0.46.jar;D:\maven-local-repository\org\apache\tomcat\embed\tomcat-embed-el\9.0.46\tomcat-embed-el-9.0.46.jar;D:\maven-local-repository\org\apache\tomcat\embed\tomcat-embed-websocket\9.0.46\tomcat-embed-websocket-9.0.46.jar;D:\maven-local-repository\org\springframework\spring-web\5.3.8\spring-web-5.3.8.jar;D:\maven-local-repository\org\springframework\spring-beans\5.3.8\spring-beans-5.3.8.jar;D:\maven-local-repository\org\springframework\spring-webmvc\5.3.8\spring-webmvc-5.3.8.jar;D:\maven-local-repository\org\springframework\spring-aop\5.3.8\spring-aop-5.3.8.jar;D:\maven-local-repository\org\springframework\spring-expression\5.3.8\spring-expression-5.3.8.jar;"/>
    <property name="sun.cpu.endian" value="little"/>
    <property name="user.home" value="C:\Users\lenov"/>
    <property name="user.language" value="en"/>
    <property name="java.specification.vendor" value="Oracle Corporation"/>
    <property name="java.version.date" value="2024-01-16"/>
    <property name="java.home" value="D:\Java\jdk-17.0.10"/>
    <property name="file.separator" value="\"/>
    <property name="basedir" value="d:\Projects\Training\Monolithic\GithubAction\javaapp"/>
    <property name="java.vm.compressedOopsMode" value="32-bit"/>
    <property name="line.separator" value="&#10;"/>
    <property name="java.vm.specification.vendor" value="Oracle Corporation"/>
    <property name="java.specification.name" value="Java Platform API Specification"/>
    <property name="surefire.real.class.path" value="C:\Users\lenov\AppData\Local\Temp\surefire11156978824869849060\surefirebooter-20240610184555441_3.jar"/>
    <property name="user.script" value=""/>
    <property name="sun.management.compiler" value="HotSpot 64-Bit Tiered Compilers"/>
    <property name="java.runtime.version" value="17.0.10+11-LTS-240"/>
    <property name="user.name" value="lenov"/>
    <property name="path.separator" value=";"/>
    <property name="os.version" value="10.0"/>
    <property name="java.runtime.name" value="Java(TM) SE Runtime Environment"/>
    <property name="file.encoding" value="Cp1252"/>
    <property name="java.vm.name" value="Java HotSpot(TM) 64-Bit Server VM"/>
    <property name="localRepository" value="D:\maven-local-repository"/>
    <property name="java.vendor.url.bug" value="https://bugreport.java.com/bugreport/"/>
    <property name="java.io.tmpdir" value="C:\Users\lenov\AppData\Local\Temp\"/>
    <property name="java.version" value="17.0.10"/>
    <property name="user.dir" value="d:\Projects\Training\Monolithic\GithubAction\javaapp"/>
    <property name="os.arch" value="amd64"/>
    <property name="java.vm.specification.name" value="Java Virtual Machine Specification"/>
    <property name="sun.os.patch.level" value=""/>
    <property name="native.encoding" value="Cp1252"/>
    <property name="java.library.path" value="D:\Java\jdk-17.0.10\bin;C:\Windows\Sun\Java\bin;C:\Windows\system32;C:\Windows;C:\Program Files (x86)\Common Files\Oracle\Java\javapath;C:\Program Files\Common Files\Oracle\Java\javapath;C:\Windows\system32;C:\Windows;C:\Windows\System32\Wbem;C:\Windows\System32\WindowsPowerShell\v1.0\;C:\Windows\System32\OpenSSH\;D:\Git\cmd;D:\nodejs\;D:\Amazon\AWSCLIV2\;D:\Amazon\AWSSAMCLI\bin\;C:\Program Files\Docker\Docker\resources\bin;C:\Users\lenov\AppData\Local\Microsoft\WindowsApps;D:\Microsoft VS Code\bin;D:\gradle-8.7;D:\apache-maven-3.9.6\bin;D:\gradle-8.1.1\bin;D:\Java\jdk1.8.0_202\bin;D:\gradle-local-repository\bin;D:\npmrc-global-repository;D:\npmrc-global-repository\node_modules\@angular\cli\bin;;."/>
    <property name="java.vm.info" value="mixed mode, sharing"/>
    <property name="java.vendor" value="Oracle Corporation"/>
    <property name="java.vm.version" value="17.0.10+11-LTS-240"/>
    <property name="sun.io.unicode.encoding" value="UnicodeLittle"/>
    <property name="java.class.version" value="61.0"/>
  </properties>
  <testcase name="testApp" classname="com.example.AppTest" time="0.005"/>
</testsuite>